Using pre-set license

 COMMAND LINE ARGUMENTS:
/Applications/Unity/Hub/Editor/2020.3.13f1/Unity.app/Contents/MacOS/Unity
-adb2
-batchMode
-noUpm
-name
AssetImportWorker0
-projectPath
/Users/cenzuram/Unity Progect/RPG
-logFile
Logs/AssetImportWorker0.log
-srvPort
54670
Successfully changed project path to: /Users/cenzuram/Unity Progect/RPG
/Users/cenzuram/Unity Progect/RPG
Using Asset Import Pipeline V2.
Refreshing native plugins compatible for Editor in 25.58 ms, found 2 plugins.
Preloading 0 native plugins for Editor in 0.00 ms.
Initialize engine version: 2020.3.13f1 (71691879b7f5)
[Subsystems] Discovering subsystems at path /Applications/Unity/Hub/Editor/2020.3.13f1/Unity.app/Contents/Resources/UnitySubsystems
[Subsystems] Discovering subsystems at path /Users/cenzuram/Unity Progect/RPG/Assets
GfxDevice: creating device client; threaded=0
2021-07-31 20:06:39.601 Unity[17218:355820] (null) preferred device: Apple M1 (high power)
2021-07-31 20:06:39.601 Unity[17218:355820] Metal devices available: 1
2021-07-31 20:06:39.601 Unity[17218:355820] 0: Apple M1 (high power)
2021-07-31 20:06:39.601 Unity[17218:355820] Using device Apple M1 (high power)
Initializing Metal device caps: Apple M1
Initialize mono
Mono path[0] = '/Applications/Unity/Hub/Editor/2020.3.13f1/Unity.app/Contents/Managed'
Mono path[1] = '/Applications/Unity/Hub/Editor/2020.3.13f1/Unity.app/Contents/MonoBleedingEdge/lib/mono/unityjit'
Mono config path = '/Applications/Unity/Hub/Editor/2020.3.13f1/Unity.app/Contents/MonoBleedingEdge/etc'
Using monoOptions --debugger-agent=transport=dt_socket,embedding=1,server=y,suspend=n,address=127.0.0.1:56218
Begin MonoManager ReloadAssembly
Registering precompiled unity dll's ...
Register platform support module: /Applications/Unity/Hub/Editor/2020.3.13f1/PlaybackEngines/WebGLSupport/UnityEditor.WebGL.Extensions.dll
Register platform support module: /Applications/Unity/Hub/Editor/2020.3.13f1/Unity.app/Contents/PlaybackEngines/MacStandaloneSupport/UnityEditor.OSXStandalone.Extensions.dll
Registered in 0.002564 seconds.
Native extension for OSXStandalone target not found
Native extension for WebGL target not found
Refreshing native plugins compatible for Editor in 25.16 ms, found 2 plugins.
Preloading 0 native plugins for Editor in 0.00 ms.
Mono: successfully reloaded assembly
- Completed reload, in  2.616 seconds
Platform modules already initialized, skipping
Registering precompiled user dll's ...
Registered in 0.003710 seconds.
Begin MonoManager ReloadAssembly
Native extension for OSXStandalone target not found
Native extension for WebGL target not found
Refreshing native plugins compatible for Editor in 0.25 ms, found 2 plugins.
Preloading 0 native plugins for Editor in 0.00 ms.
Mono: successfully reloaded assembly
- Completed reload, in  2.261 seconds
Platform modules already initialized, skipping
========================================================================
Worker process is ready to serve import requests
Launching external process: /Applications/Unity/Hub/Editor/2020.3.13f1/Unity.app/Contents/Tools/UnityShaderCompiler
Launched and connected shader compiler UnityShaderCompiler after 0.02 seconds
Refreshing native plugins compatible for Editor in 0.26 ms, found 2 plugins.
Preloading 0 native plugins for Editor in 0.00 ms.
Unloading 1390 Unused Serialized files (Serialized files now loaded: 0)
System memory in use before: 136.6 MB.
System memory in use after: 136.7 MB.

Unloading 18 unused Assets to reduce memory usage. Loaded Objects now: 1824.
Total: 2.048333 ms (FindLiveObjects: 0.099209 ms CreateObjectMapping: 0.026000 ms MarkObjects: 1.858584 ms  DeleteObjects: 0.063875 ms)

AssetImportParameters requested are different than current active one (requested -> active):
  custom:video-decoder-ogg-theora: a1e56fd34408186e4bbccfd4996cb3dc -> 
  custom:container-muxer-webm: aa71ff27fc2769a1b78a27578f13a17b -> 
  custom:container-demuxer-webm: 4f35f7cbe854078d1ac9338744f61a02 -> 
  custom:container-demuxer-ogg: 62fdf1f143b41e24485cea50d1cbac27 -> 
  custom:video-encoder-webm-vp8: eb34c28f22e8b96e1ab97ce403110664 -> 
  custom:framework-osx-AVFoundation: e770b220cccbd017edd2c1fefb359320 -> 
  custom:video-decoder-webm-vp8: 9c59270c3fd7afecdb556c50c9e8de78 -> 
  custom:audio-decoder-ogg-vorbis: bf7c407c2cedff20999df2af8eb42d56 -> 
  custom:audio-encoder-webm-vorbis: bf7c407c2cedff20999df2af8eb42d56 -> 
========================================================================
Received Import Request.
  path: Assets/Prefabs
  artifactKey: Guid(71c1e004d37e1443e91518dc6f361f1b) Importer(815301076,1909f56bfc062723c751e8b465ee728b)
Start importing Assets/Prefabs using Guid(71c1e004d37e1443e91518dc6f361f1b) Importer(815301076,1909f56bfc062723c751e8b465ee728b)  -> (artifact id: 'd414c3edaa6cc10631c981cfcc0f8615') in 0.006456 seconds 
  Import took 0.008018 seconds .

========================================================================
Received Import Request.
  Time since last request: 12.654447 seconds.
  path: Assets/Scenes/Location.unity
  artifactKey: Guid(38f695c19494345fa8b492cb63ab8411) Importer(815301076,1909f56bfc062723c751e8b465ee728b)
Start importing Assets/Scenes/Location.unity using Guid(38f695c19494345fa8b492cb63ab8411) Importer(815301076,1909f56bfc062723c751e8b465ee728b)  -> (artifact id: '1b2f0986eaf49b7611aebec948c9294f') in 0.012639 seconds 
  Import took 0.014570 seconds .

========================================================================
Received Import Request.
  Time since last request: 38.736049 seconds.
  path: Assets/Prefabs/Location.prefab
  artifactKey: Guid(efbac7a20df6749bbb47e63cd71ffb0e) Importer(815301076,1909f56bfc062723c751e8b465ee728b)
Start importing Assets/Prefabs/Location.prefab using Guid(efbac7a20df6749bbb47e63cd71ffb0e) Importer(815301076,1909f56bfc062723c751e8b465ee728b)  -> (artifact id: '720c1d5c3d4b9665dd251ed0618ac258') in 0.929237 seconds 
  Import took 0.931240 seconds .

========================================================================
Received Import Request.
  Time since last request: 0.000326 seconds.
  path: Assets/Prefabs/Location.prefab
  artifactKey: Guid(efbac7a20df6749bbb47e63cd71ffb0e) Importer(815301076,1909f56bfc062723c751e8b465ee728b)
Start importing Assets/Prefabs/Location.prefab using Guid(efbac7a20df6749bbb47e63cd71ffb0e) Importer(815301076,1909f56bfc062723c751e8b465ee728b)  -> (artifact id: '720c1d5c3d4b9665dd251ed0618ac258') in 0.011543 seconds 
  Import took 0.013055 seconds .

